Tue Mar 28 20:44:00 CEST 2017  [debug] AvalonLogSystem initialized using logfile 'velocity.log'
Tue Mar 28 20:44:00 CEST 2017   [info] ************************************************************** 
Tue Mar 28 20:44:00 CEST 2017   [info] Starting Jakarta Velocity v1.5-dev
Tue Mar 28 20:44:00 CEST 2017   [info] RuntimeInstance initializing.
Tue Mar 28 20:44:00 CEST 2017   [info] Default Properties File: org/apache/velocity/runtime/defaults/velocity.properties
Tue Mar 28 20:44:00 CEST 2017   [info] Trying to use logger class org.apache.velocity.runtime.log.AvalonLogSystem
Tue Mar 28 20:44:00 CEST 2017   [info] Using logger class org.apache.velocity.runtime.log.AvalonLogSystem
Tue Mar 28 20:44:00 CEST 2017   [info] Default ResourceManager initializing. (class org.apache.velocity.runtime.resource.ResourceManagerImpl)
Tue Mar 28 20:44:00 CEST 2017   [info] Resource Loader Instantiated: org.apache.velocity.runtime.resource.loader.FileResourceLoader
Tue Mar 28 20:44:00 CEST 2017   [info] FileResourceLoader : initialization starting.
Tue Mar 28 20:44:00 CEST 2017   [info] FileResourceLoader : adding path '.'
Tue Mar 28 20:44:00 CEST 2017   [info] FileResourceLoader : initialization complete.
Tue Mar 28 20:44:00 CEST 2017   [info] ResourceCache : initialized. (class org.apache.velocity.runtime.resource.ResourceCacheImpl)
Tue Mar 28 20:44:00 CEST 2017   [info] Default ResourceManager initialization complete.
Tue Mar 28 20:44:00 CEST 2017   [info] Loaded System Directive: org.apache.velocity.runtime.directive.Literal
Tue Mar 28 20:44:00 CEST 2017   [info] Loaded System Directive: org.apache.velocity.runtime.directive.Macro
Tue Mar 28 20:44:00 CEST 2017   [info] Loaded System Directive: org.apache.velocity.runtime.directive.Parse
Tue Mar 28 20:44:00 CEST 2017   [info] Loaded System Directive: org.apache.velocity.runtime.directive.Include
Tue Mar 28 20:44:00 CEST 2017   [info] Loaded System Directive: org.apache.velocity.runtime.directive.Foreach
Tue Mar 28 20:44:00 CEST 2017   [info] Created '20' parsers.
Tue Mar 28 20:44:00 CEST 2017   [info] Velocimacro : initialization starting.
Tue Mar 28 20:44:00 CEST 2017   [info] Velocimacro : adding VMs from VM library template : VM_global_library.vm
Tue Mar 28 20:44:00 CEST 2017  [error] ResourceManager : unable to find resource 'VM_global_library.vm' in any resource loader.
Tue Mar 28 20:44:00 CEST 2017   [info] Velocimacro : error using  VM library template VM_global_library.vm : org.apache.velocity.exception.ResourceNotFoundException: Unable to find resource 'VM_global_library.vm'
Tue Mar 28 20:44:00 CEST 2017   [info] Velocimacro :  VM library template macro registration complete.
Tue Mar 28 20:44:00 CEST 2017   [info] Velocimacro : allowInline = true : VMs can be defined inline in templates
Tue Mar 28 20:44:00 CEST 2017   [info] Velocimacro : allowInlineToOverride = false : VMs defined inline may NOT replace previous VM definitions
Tue Mar 28 20:44:00 CEST 2017   [info] Velocimacro : allowInlineLocal = false : VMs defined inline will be  global in scope if allowed.
Tue Mar 28 20:44:00 CEST 2017   [info] Velocimacro : messages on  : VM system will output logging messages
Tue Mar 28 20:44:00 CEST 2017   [info] Velocimacro : autoload off  : VM system will not automatically reload global library macros
Tue Mar 28 20:44:00 CEST 2017   [info] Velocimacro : initialization complete.
Tue Mar 28 20:44:00 CEST 2017   [info] Velocity successfully started.
Tue Mar 28 20:44:00 CEST 2017   [info] Velocimacro : added new VM : #metaauthor( author email ) : source = xdocs/stylesheets/site.vsl
Tue Mar 28 20:44:00 CEST 2017   [info] Velocimacro : added new VM : #source( value ) : source = xdocs/stylesheets/site.vsl
Tue Mar 28 20:44:00 CEST 2017   [info] Velocimacro : added new VM : #subsection( subsection ) : source = xdocs/stylesheets/site.vsl
Tue Mar 28 20:44:00 CEST 2017   [info] Velocimacro : added new VM : #section( section ) : source = xdocs/stylesheets/site.vsl
Tue Mar 28 20:44:00 CEST 2017   [info] Velocimacro : added new VM : #subsectionToc( subsections ) : source = xdocs/stylesheets/site.vsl
Tue Mar 28 20:44:00 CEST 2017   [info] Velocimacro : added new VM : #projectanchor( name href ) : source = xdocs/stylesheets/site.vsl
Tue Mar 28 20:44:00 CEST 2017   [info] Velocimacro : added new VM : #navBarParts( items ) : source = xdocs/stylesheets/site.vsl
Tue Mar 28 20:44:00 CEST 2017   [info] Velocimacro : added new VM : #getApacheImage( ) : source = xdocs/stylesheets/site.vsl
Tue Mar 28 20:44:00 CEST 2017   [info] Velocimacro : added new VM : #getProjectImage( ) : source = xdocs/stylesheets/site.vsl
Tue Mar 28 20:44:00 CEST 2017   [info] Velocimacro : added new VM : #getBannerTitle( ) : source = xdocs/stylesheets/site.vsl
Tue Mar 28 20:44:00 CEST 2017   [info] Velocimacro : added new VM : #printMeta( metaElement ) : source = xdocs/stylesheets/site.vsl
Tue Mar 28 20:44:00 CEST 2017   [info] Velocimacro : added new VM : #document( ) : source = xdocs/stylesheets/site.vsl
Tue Mar 28 20:44:00 CEST 2017   [info] Velocimacro : added new VM : #insertDownloads( insertVersionInfo ) : source = xdocs/stylesheets/site.vsl
Tue Mar 28 20:44:00 CEST 2017   [info] Velocimacro : added new VM : #insertDownload2( downloads ) : source = xdocs/stylesheets/site.vsl
Tue Mar 28 20:44:00 CEST 2017   [info] Velocimacro : added new VM : #suffixes( dir item subdirectory ) : source = xdocs/stylesheets/site.vsl
Tue Mar 28 20:44:00 CEST 2017  [error] VM #insertDownloads: error : too few arguments to macro. Wanted 1 got 0
Tue Mar 28 20:44:00 CEST 2017  [error] VM #subsectionToc: error : too few arguments to macro. Wanted 1 got 0
Tue Mar 28 20:44:00 CEST 2017  [error] VM #insertDownloads: error : too few arguments to macro. Wanted 1 got 0
Tue Mar 28 20:44:00 CEST 2017  [error] VM #navBarParts: error : too few arguments to macro. Wanted 1 got 0
Tue Mar 28 20:44:00 CEST 2017  [error] VM #insertDownload2: error : too few arguments to macro. Wanted 1 got 0
Tue Mar 28 20:44:00 CEST 2017  [error] VM #suffixes: error : too few arguments to macro. Wanted 3 got 0
Tue Mar 28 20:44:00 CEST 2017  [error] VM #suffixes: error : too few arguments to macro. Wanted 3 got 0
Tue Mar 28 20:44:00 CEST 2017  [error] VM #suffixes: error : too few arguments to macro. Wanted 3 got 0
Tue Mar 28 20:44:00 CEST 2017  [error] VM #suffixes: error : too few arguments to macro. Wanted 3 got 0
Tue Mar 28 20:44:00 CEST 2017   [info] ResourceManager : found xdocs/stylesheets/site.vsl with loader org.apache.velocity.runtime.resource.loader.FileResourceLoader
Tue Mar 28 20:44:00 CEST 2017   [warn] Velocimacro : VM addition rejected : metaauthor : inline not allowed to replace existing VM
Tue Mar 28 20:44:00 CEST 2017   [warn] Velocimacro : VM addition rejected : source : inline not allowed to replace existing VM
Tue Mar 28 20:44:00 CEST 2017   [warn] Velocimacro : VM addition rejected : subsection : inline not allowed to replace existing VM
Tue Mar 28 20:44:00 CEST 2017   [warn] Velocimacro : VM addition rejected : section : inline not allowed to replace existing VM
Tue Mar 28 20:44:00 CEST 2017   [warn] Velocimacro : VM addition rejected : subsectionToc : inline not allowed to replace existing VM
Tue Mar 28 20:44:00 CEST 2017   [warn] Velocimacro : VM addition rejected : projectanchor : inline not allowed to replace existing VM
Tue Mar 28 20:44:00 CEST 2017   [warn] Velocimacro : VM addition rejected : navBarParts : inline not allowed to replace existing VM
Tue Mar 28 20:44:00 CEST 2017   [warn] Velocimacro : VM addition rejected : getApacheImage : inline not allowed to replace existing VM
Tue Mar 28 20:44:00 CEST 2017   [warn] Velocimacro : VM addition rejected : getProjectImage : inline not allowed to replace existing VM
Tue Mar 28 20:44:00 CEST 2017   [warn] Velocimacro : VM addition rejected : getBannerTitle : inline not allowed to replace existing VM
Tue Mar 28 20:44:00 CEST 2017   [warn] Velocimacro : VM addition rejected : printMeta : inline not allowed to replace existing VM
Tue Mar 28 20:44:00 CEST 2017   [warn] Velocimacro : VM addition rejected : document : inline not allowed to replace existing VM
Tue Mar 28 20:44:00 CEST 2017   [warn] Velocimacro : VM addition rejected : insertDownloads : inline not allowed to replace existing VM
Tue Mar 28 20:44:00 CEST 2017   [warn] Velocimacro : VM addition rejected : insertDownload2 : inline not allowed to replace existing VM
Tue Mar 28 20:44:00 CEST 2017   [warn] Velocimacro : VM addition rejected : suffixes : inline not allowed to replace existing VM
Tue Mar 28 20:44:00 CEST 2017   [info] ResourceManager : found xdocs/stylesheets/site.vsl with loader org.apache.velocity.runtime.resource.loader.FileResourceLoader
Tue Mar 28 20:44:00 CEST 2017  [error] RHS of #set statement is null. Context will not be modified. xdocs/stylesheets/site.vsl [line 48, column 1]
